d:\vtc\dir\test\proj.win32\engine\cocos\core\cocos2d.dir\debug\cocos2d.pch
d:\vtc\dir\test\proj.win32\lib\debug\cocos2d.pdb
d:\vtc\dir\test\proj.win32\engine\cocos\core\cocos2d.dir\debug\precheader.obj
d:\vtc\dir\test\proj.win32\engine\cocos\core\cocos2d.dir\debug\ccactionprogresstimer.obj
d:\vtc\dir\test\proj.win32\engine\cocos\core\cocos2d.dir\debug\ccfontcharmap.obj
d:\vtc\dir\test\proj.win32\engine\cocos\core\cocos2d.dir\debug\ccprogresstimer.obj
d:\vtc\dir\test\proj.win32\engine\cocos\core\cocos2d.dir\debug\cctweenfunction.obj
d:\vtc\dir\test\proj.win32\engine\cocos\core\cocos2d.dir\debug\ccbundle3d.obj
d:\vtc\dir\test\proj.win32\engine\cocos\core\cocos2d.dir\debug\ccnavmeshobstacle.obj
d:\vtc\dir\test\proj.win32\engine\cocos\core\cocos2d.dir\debug\cctechnique.obj
d:\vtc\dir\test\proj.win32\engine\cocos\core\cocos2d.dir\debug\shadermodule.obj
d:\vtc\dir\test\proj.win32\engine\cocos\core\cocos2d.dir\debug\shadercache.obj
d:\vtc\dir\test\proj.win32\engine\cocos\core\cocos2d.dir\debug\cceventlistenertouch.obj
d:\vtc\dir\test\proj.win32\engine\cocos\core\cocos2d.dir\debug\base64.obj
d:\vtc\dir\test\proj.win32\engine\cocos\core\cocos2d.dir\debug\pvr.obj
d:\vtc\dir\test\proj.win32\engine\cocos\core\cocos2d.dir\debug\audiodecoderogg.obj
d:\vtc\dir\test\proj.win32\engine\cocos\core\cocos2d.dir\debug\uicheckbox.obj
d:\vtc\dir\test\proj.win32\engine\cocos\core\cocos2d.dir\debug\uiscrollviewbar.obj
d:\vtc\dir\test\proj.win32\engine\cocos\core\cocos2d.dir\debug\uilayoutcomponent.obj
d:\vtc\dir\test\proj.win32\engine\cocos\core\cocos2d.dir\debug\cccomattribute.obj
d:\vtc\dir\test\proj.win32\engine\cocos\core\cocos2d.dir\debug\ccskin.obj
d:\vtc\dir\test\proj.win32\engine\cocos\core\cocos2d.dir\debug\gamemapreader.obj
d:\vtc\dir\test\proj.win32\engine\cocos\core\cocos2d.dir\debug\sliderreader.obj
d:\vtc\dir\test\proj.win32\engine\cocos\core\cocos2d.dir\debug\ccskinnode.obj
d:\vtc\dir\test\proj.win32\engine\cocos\core\cocos2d.dir\debug\tabcontrolreader.obj
d:\vtc\dir\test\proj.win32\engine\cocos\core\cocos2d.dir\debug\ccpunoise.obj
d:\vtc\dir\test\proj.win32\engine\cocos\core\cocos2d.dir\debug\ccpuscripttranslator.obj
d:\vtc\dir\test\proj.win32\engine\cocos\core\cocos2d.dir\debug\ccpugeometryrotator.obj
d:\vtc\dir\test\proj.win32\engine\cocos\core\cocos2d.dir\debug\ccpupathfollower.obj
d:\vtc\dir\test\proj.win32\engine\cocos\core\cocos2d.dir\debug\ccputexturerotator.obj
d:\vtc\dir\test\proj.win32\engine\cocos\core\cocos2d.dir\debug\ccpupointemitter.obj
d:\vtc\dir\test\proj.win32\engine\cocos\core\cocos2d.dir\debug\ccpudoexpireeventhandler.obj
d:\vtc\dir\test\proj.win32\engine\cocos\core\cocos2d.dir\debug\ccpueventhandlertranslator.obj
d:\vtc\dir\test\proj.win32\engine\cocos\core\cocos2d.dir\debug\ccpuonrandomobserver.obj
d:\vtc\dir\test\proj.win32\engine\cocos\core\cocos2d.dir\debug\cccamerabackgroundbrush.obj
d:\vtc\dir\test\proj.win32\engine\cocos\core\cocos2d.dir\debug\ccmotionstreak.obj
d:\vtc\dir\test\proj.win32\engine\cocos\core\cocos2d.dir\debug\ccautopolygon.obj
d:\vtc\dir\test\proj.win32\engine\cocos\core\cocos2d.dir\debug\ccphysicsbody.obj
d:\vtc\dir\test\proj.win32\engine\cocos\core\cocos2d.dir\debug\ccphysics3dshape.obj
d:\vtc\dir\test\proj.win32\engine\cocos\core\cocos2d.dir\debug\renderpipelinegl.obj
d:\vtc\dir\test\proj.win32\engine\cocos\core\cocos2d.dir\debug\cceventkeyboard.obj
d:\vtc\dir\test\proj.win32\engine\cocos\core\cocos2d.dir\debug\ccns.obj
d:\vtc\dir\test\proj.win32\engine\cocos\core\cocos2d.dir\debug\atitc.obj
d:\vtc\dir\test\proj.win32\engine\cocos\core\cocos2d.dir\debug\etc1.obj
d:\vtc\dir\test\proj.win32\engine\cocos\core\cocos2d.dir\debug\audiodecodermp3.obj
d:\vtc\dir\test\proj.win32\engine\cocos\core\cocos2d.dir\debug\uihbox.obj
d:\vtc\dir\test\proj.win32\engine\cocos\core\cocos2d.dir\debug\uiloadingbar.obj
d:\vtc\dir\test\proj.win32\engine\cocos\core\cocos2d.dir\debug\uieditbox.obj
d:\vtc\dir\test\proj.win32\engine\cocos\core\cocos2d.dir\debug\ccarmatureanimation.obj
d:\vtc\dir\test\proj.win32\engine\cocos\core\cocos2d.dir\debug\cctransformhelp.obj
d:\vtc\dir\test\proj.win32\engine\cocos\core\cocos2d.dir\debug\flatbuffersserialize.obj
d:\vtc\dir\test\proj.win32\engine\cocos\core\cocos2d.dir\debug\cccontrol.obj
d:\vtc\dir\test\proj.win32\engine\cocos\core\cocos2d.dir\debug\ccpuforcefield.obj
d:\vtc\dir\test\proj.win32\engine\cocos\core\cocos2d.dir\debug\ccpuscriptparser.obj
d:\vtc\dir\test\proj.win32\engine\cocos\core\cocos2d.dir\debug\ccpubasecollidertranslator.obj
d:\vtc\dir\test\proj.win32\engine\cocos\core\cocos2d.dir\debug\ccpujetaffectortranslator.obj
d:\vtc\dir\test\proj.win32\engine\cocos\core\cocos2d.dir\debug\ccputexturerotatortranslator.obj
d:\vtc\dir\test\proj.win32\engine\cocos\core\cocos2d.dir\debug\ccpuslaveemitter.obj
d:\vtc\dir\test\proj.win32\engine\cocos\core\cocos2d.dir\debug\ccpudofreezeeventhandlertranslator.obj
d:\vtc\dir\test\proj.win32\engine\cocos\core\cocos2d.dir\debug\ccpuonquotaobserver.obj
d:\vtc\dir\test\proj.win32\engine\cocos\core\cocos2d.dir\debug\cccamera.obj
d:\vtc\dir\test\proj.win32\engine\cocos\core\cocos2d.dir\debug\cclight.obj
d:\vtc\dir\test\proj.win32\engine\cocos\core\cocos2d.dir\debug\ccparticlesystem.obj
d:\vtc\dir\test\proj.win32\engine\cocos\core\cocos2d.dir\debug\ccanimation3d.obj
d:\vtc\dir\test\proj.win32\engine\cocos\core\cocos2d.dir\debug\ccphysicscontact.obj
d:\vtc\dir\test\proj.win32\engine\cocos\core\cocos2d.dir\debug\ccphysicssprite3d.obj
d:\vtc\dir\test\proj.win32\engine\cocos\core\cocos2d.dir\debug\shadermodulegl.obj
d:\vtc\dir\test\proj.win32\engine\cocos\core\cocos2d.dir\debug\ccconfiguration.obj
d:\vtc\dir\test\proj.win32\engine\cocos\core\cocos2d.dir\debug\ccscheduler.obj
d:\vtc\dir\test\proj.win32\engine\cocos\core\cocos2d.dir\debug\uihelper.obj
d:\vtc\dir\test\proj.win32\engine\cocos\core\cocos2d.dir\debug\uilayoutparameter.obj
d:\vtc\dir\test\proj.win32\engine\cocos\core\cocos2d.dir\debug\uitextbmfont.obj
d:\vtc\dir\test\proj.win32\engine\cocos\core\cocos2d.dir\debug\ccarmature.obj
d:\vtc\dir\test\proj.win32\engine\cocos\core\cocos2d.dir\debug\cocoloader.obj
d:\vtc\dir\test\proj.win32\engine\cocos\core\cocos2d.dir\debug\cccomextensiondata.obj
d:\vtc\dir\test\proj.win32\engine\cocos\core\cocos2d.dir\debug\textfieldreader.obj
d:\vtc\dir\test\proj.win32\engine\cocos\core\cocos2d.dir\debug\textbmfontreader.obj
d:\vtc\dir\test\proj.win32\engine\cocos\core\cocos2d.dir\debug\manifest.obj
d:\vtc\dir\test\proj.win32\engine\cocos\core\cocos2d.dir\debug\ccpubaseforceaffectortranslator.obj
d:\vtc\dir\test\proj.win32\engine\cocos\core\cocos2d.dir\debug\ccpulinearforceaffectortranslator.obj
d:\vtc\dir\test\proj.win32\engine\cocos\core\cocos2d.dir\debug\ccpuvelocitymatchingaffectortranslator.obj
d:\vtc\dir\test\proj.win32\engine\cocos\core\cocos2d.dir\debug\ccpurender.obj
d:\vtc\dir\test\proj.win32\engine\cocos\core\cocos2d.dir\debug\ccpuonpositionobserver.obj
d:\vtc\dir\test\proj.win32\engine\cocos\core\cocos2d.dir\debug\ccactionpageturn3d.obj
d:\vtc\dir\test\proj.win32\engine\cocos\core\cocos2d.dir\debug\ccfontfnt.obj
d:\vtc\dir\test\proj.win32\engine\cocos\core\cocos2d.dir\debug\ccaabb.obj
d:\vtc\dir\test\proj.win32\engine\cocos\core\cocos2d.dir\debug\ccbundle3ddata.obj
d:\vtc\dir\test\proj.win32\engine\cocos\core\cocos2d.dir\debug\ccmeshvertexindexdata.obj
d:\vtc\dir\test\proj.win32\engine\cocos\core\cocos2d.dir\debug\ccsaxparser.obj
d:\vtc\dir\test\proj.win32\engine\cocos\core\cocos2d.dir\debug\ccphysics3dobject.obj
d:\vtc\dir\test\proj.win32\engine\cocos\core\cocos2d.dir\debug\utilsgl.obj
d:\vtc\dir\test\proj.win32\engine\cocos\core\cocos2d.dir\debug\cceventcontroller.obj
d:\vtc\dir\test\proj.win32\engine\cocos\core\cocos2d.dir\debug\cceventlisteneracceleration.obj
d:\vtc\dir\test\proj.win32\engine\cocos\core\cocos2d.dir\debug\ccscriptsupport.obj
d:\vtc\dir\test\proj.win32\engine\cocos\core\cocos2d.dir\debug\ccfpsimages.obj
d:\vtc\dir\test\proj.win32\engine\cocos\core\cocos2d.dir\debug\audioengine-win32.obj
d:\vtc\dir\test\proj.win32\engine\cocos\core\cocos2d.dir\debug\simpleaudioengine.obj
d:\vtc\dir\test\proj.win32\engine\cocos\core\cocos2d.dir\debug\ccarmaturedatamanager.obj
d:\vtc\dir\test\proj.win32\engine\cocos\core\cocos2d.dir\debug\nodereader.obj
d:\vtc\dir\test\proj.win32\engine\cocos\core\cocos2d.dir\debug\skeletonnodereader.obj
d:\vtc\dir\test\proj.win32\engine\cocos\core\cocos2d.dir\debug\csloader.obj
d:\vtc\dir\test\proj.win32\engine\cocos\core\cocos2d.dir\debug\ccpupositionemittertranslator.obj
d:\vtc\dir\test\proj.win32\engine\cocos\core\cocos2d.dir\debug\ccpudostopsystemeventhandler.obj
d:\vtc\dir\test\proj.win32\engine\cocos\core\cocos2d.dir\debug\ccpuoncollisionobserver.obj
d:\vtc\dir\test\proj.win32\engine\cocos\core\cocos2d.dir\debug\ccpuonrandomobservertranslator.obj
d:\vtc\dir\test\proj.win32\engine\cocos\core\cocos2d.dir\debug\ccactionease.obj
d:\vtc\dir\test\proj.win32\engine\cocos\core\cocos2d.dir\debug\ccdrawnode.obj
d:\vtc\dir\test\proj.win32\engine\cocos\core\cocos2d.dir\debug\ccmenuitem.obj
d:\vtc\dir\test\proj.win32\engine\cocos\core\cocos2d.dir\debug\ccsprite.obj
d:\vtc\dir\test\proj.win32\engine\cocos\core\cocos2d.dir\debug\ccanimate3d.obj
d:\vtc\dir\test\proj.win32\engine\cocos\core\cocos2d.dir\debug\ccaffinetransform.obj
d:\vtc\dir\test\proj.win32\engine\cocos\core\cocos2d.dir\debug\quaternion.obj
d:\vtc\dir\test\proj.win32\engine\cocos\core\cocos2d.dir\debug\ccnavmeshagent.obj
d:\vtc\dir\test\proj.win32\engine\cocos\core\cocos2d.dir\debug\cctexture2d.obj
d:\vtc\dir\test\proj.win32\engine\cocos\core\cocos2d.dir\debug\ccconsole.obj
d:\vtc\dir\test\proj.win32\engine\cocos\core\cocos2d.dir\debug\uiwidget.obj
d:\vtc\dir\test\proj.win32\engine\cocos\core\cocos2d.dir\debug\ccinputdelegate.obj
d:\vtc\dir\test\proj.win32\engine\cocos\core\cocos2d.dir\debug\listviewreader.obj
d:\vtc\dir\test\proj.win32\engine\cocos\core\cocos2d.dir\debug\imageviewreader.obj
d:\vtc\dir\test\proj.win32\engine\cocos\core\cocos2d.dir\debug\ccscrollview.obj
d:\vtc\dir\test\proj.win32\engine\cocos\core\cocos2d.dir\debug\ccpualignaffectortranslator.obj
d:\vtc\dir\test\proj.win32\engine\cocos\core\cocos2d.dir\debug\ccpuflockcenteringaffector.obj
d:\vtc\dir\test\proj.win32\engine\cocos\core\cocos2d.dir\debug\ccpulinearforceaffector.obj
d:\vtc\dir\test\proj.win32\engine\cocos\core\cocos2d.dir\debug\ccpusineforceaffector.obj
d:\vtc\dir\test\proj.win32\engine\cocos\core\cocos2d.dir\debug\ccpucircleemittertranslator.obj
d:\vtc\dir\test\proj.win32\engine\cocos\core\cocos2d.dir\debug\ccpubillboardchain.obj
d:\vtc\dir\test\proj.win32\engine\cocos\core\cocos2d.dir\debug\ccpuonemissionobservertranslator.obj
d:\vtc\dir\test\proj.win32\engine\cocos\core\cocos2d.dir\debug\ccpubehaviourmanager.obj
d:\vtc\dir\test\proj.win32\engine\cocos\core\cocos2d.dir\debug\ccanimation.obj
d:\vtc\dir\test\proj.win32\engine\cocos\core\cocos2d.dir\debug\ccmenu.obj
d:\vtc\dir\test\proj.win32\engine\cocos\core\cocos2d.dir\debug\cctransitionprogress.obj
d:\vtc\dir\test\proj.win32\engine\cocos\core\cocos2d.dir\debug\ccskybox.obj
d:\vtc\dir\test\proj.win32\engine\cocos\core\cocos2d.dir\debug\ccdevice-win32.obj
d:\vtc\dir\test\proj.win32\engine\cocos\core\cocos2d.dir\debug\ccphysics3dcomponent.obj
d:\vtc\dir\test\proj.win32\engine\cocos\core\cocos2d.dir\debug\depthstencilstate.obj
d:\vtc\dir\test\proj.win32\engine\cocos\core\cocos2d.dir\debug\programcache.obj
d:\vtc\dir\test\proj.win32\engine\cocos\core\cocos2d.dir\debug\cceventmouse.obj
d:\vtc\dir\test\proj.win32\engine\cocos\core\cocos2d.dir\debug\ccref.obj
d:\vtc\dir\test\proj.win32\engine\cocos\core\cocos2d.dir\debug\ziputils.obj
d:\vtc\dir\test\proj.win32\engine\cocos\core\cocos2d.dir\debug\uiimageview.obj
d:\vtc\dir\test\proj.win32\engine\cocos\core\cocos2d.dir\debug\uirelativebox.obj
d:\vtc\dir\test\proj.win32\engine\cocos\core\cocos2d.dir\debug\uitextfield.obj
d:\vtc\dir\test\proj.win32\engine\cocos\core\cocos2d.dir\debug\ccactionobject.obj
d:\vtc\dir\test\proj.win32\engine\cocos\core\cocos2d.dir\debug\cccomrender.obj
d:\vtc\dir\test\proj.win32\engine\cocos\core\cocos2d.dir\debug\node3dreader.obj
d:\vtc\dir\test\proj.win32\engine\cocos\core\cocos2d.dir\debug\scrollviewreader.obj
d:\vtc\dir\test\proj.win32\engine\cocos\core\cocos2d.dir\debug\ccphysicsdebugnode.obj
d:\vtc\dir\test\proj.win32\engine\cocos\core\cocos2d.dir\debug\ccpuplane.obj
d:\vtc\dir\test\proj.win32\engine\cocos\core\cocos2d.dir\debug\ccpusphere.obj
d:\vtc\dir\test\proj.win32\engine\cocos\core\cocos2d.dir\debug\ccpuparticlesystem3dtranslator.obj
d:\vtc\dir\test\proj.win32\engine\cocos\core\cocos2d.dir\debug\ccpuflockcenteringaffectortranslator.obj
d:\vtc\dir\test\proj.win32\engine\cocos\core\cocos2d.dir\debug\ccpuscaleaffector.obj
d:\vtc\dir\test\proj.win32\engine\cocos\core\cocos2d.dir\debug\ccpuboxemitter.obj
d:\vtc\dir\test\proj.win32\engine\cocos\core\cocos2d.dir\debug\ccpuslaveemittertranslator.obj
d:\vtc\dir\test\proj.win32\engine\cocos\core\cocos2d.dir\debug\ccpudostopsystemeventhandlertranslator.obj
d:\vtc\dir\test\proj.win32\engine\cocos\core\cocos2d.dir\debug\ccpuonexpireobserver.obj
d:\vtc\dir\test\proj.win32\engine\cocos\core\cocos2d.dir\debug\ccclippingnode.obj
d:\vtc\dir\test\proj.win32\engine\cocos\core\cocos2d.dir\debug\ccnode.obj
d:\vtc\dir\test\proj.win32\engine\cocos\core\cocos2d.dir\debug\ccimage.obj
d:\vtc\dir\test\proj.win32\engine\cocos\core\cocos2d.dir\debug\mathutil.obj
d:\vtc\dir\test\proj.win32\engine\cocos\core\cocos2d.dir\debug\ccnavmesh.obj
d:\vtc\dir\test\proj.win32\engine\cocos\core\cocos2d.dir\debug\cctexturecache.obj
d:\vtc\dir\test\proj.win32\engine\cocos\core\cocos2d.dir\debug\cceventfocus.obj
d:\vtc\dir\test\proj.win32\engine\cocos\core\cocos2d.dir\debug\cceventtouch.obj
d:\vtc\dir\test\proj.win32\engine\cocos\core\cocos2d.dir\debug\cctouch.obj
d:\vtc\dir\test\proj.win32\engine\cocos\core\cocos2d.dir\debug\ccrandom.obj
d:\vtc\dir\test\proj.win32\engine\cocos\core\cocos2d.dir\debug\audioengine.obj
d:\vtc\dir\test\proj.win32\engine\cocos\core\cocos2d.dir\debug\websocket.obj
d:\vtc\dir\test\proj.win32\engine\cocos\core\cocos2d.dir\debug\ccsscenereader.obj
d:\vtc\dir\test\proj.win32\engine\cocos\core\cocos2d.dir\debug\layoutreader.obj
d:\vtc\dir\test\proj.win32\engine\cocos\core\cocos2d.dir\debug\cccontrolhuepicker.obj
d:\vtc\dir\test\proj.win32\engine\cocos\core\cocos2d.dir\debug\cccontrolswitch.obj
d:\vtc\dir\test\proj.win32\engine\cocos\core\cocos2d.dir\debug\ccpudynamicattribute.obj
d:\vtc\dir\test\proj.win32\engine\cocos\core\cocos2d.dir\debug\ccpuparticlesystem3d.obj
d:\vtc\dir\test\proj.win32\engine\cocos\core\cocos2d.dir\debug\ccputextureanimator.obj
d:\vtc\dir\test\proj.win32\engine\cocos\core\cocos2d.dir\debug\ccpumeshsurfaceemitter.obj
d:\vtc\dir\test\proj.win32\engine\cocos\core\cocos2d.dir\debug\ccpudoenablecomponenteventhandlertranslator.obj
d:\vtc\dir\test\proj.win32\engine\cocos\core\cocos2d.dir\debug\ccpuonclearobserver.obj
d:\vtc\dir\test\proj.win32\engine\cocos\core\cocos2d.dir\debug\ccpuontimeobserver.obj
d:\vtc\dir\test\proj.win32\engine\cocos\core\cocos2d.dir\debug\ccactioninterval.obj
d:\vtc\dir\test\proj.win32\engine\cocos\core\cocos2d.dir\debug\ccnodegrid.obj
d:\vtc\dir\test\proj.win32\engine\cocos\core\cocos2d.dir\debug\ccspritebatchnode.obj
d:\vtc\dir\test\proj.win32\engine\cocos\core\cocos2d.dir\debug\ccattachnode.obj
d:\vtc\dir\test\proj.win32\engine\cocos\core\cocos2d.dir\debug\ccbundlereader.obj
d:\vtc\dir\test\proj.win32\engine\cocos\core\cocos2d.dir\debug\ccsprite3d.obj
d:\vtc\dir\test\proj.win32\engine\cocos\core\cocos2d.dir\debug\ccmaterial.obj
d:\vtc\dir\test\proj.win32\engine\cocos\core\cocos2d.dir\debug\renderpassdescriptor.obj
d:\vtc\dir\test\proj.win32\engine\cocos\core\cocos2d.dir\debug\ccautoreleasepool.obj
d:\vtc\dir\test\proj.win32\engine\cocos\core\cocos2d.dir\debug\cceventlistenermouse.obj
d:\vtc\dir\test\proj.win32\engine\cocos\core\cocos2d.dir\debug\objectfactory.obj
d:\vtc\dir\test\proj.win32\engine\cocos\core\cocos2d.dir\debug\uieditboximpl-win32.obj
d:\vtc\dir\test\proj.win32\engine\cocos\core\cocos2d.dir\debug\uipageview.obj
d:\vtc\dir\test\proj.win32\engine\cocos\core\cocos2d.dir\debug\uitabcontrol.obj
d:\vtc\dir\test\proj.win32\engine\cocos\core\cocos2d.dir\debug\ccdisplaymanager.obj
d:\vtc\dir\test\proj.win32\engine\cocos\core\cocos2d.dir\debug\singlenodereader.obj
d:\vtc\dir\test\proj.win32\engine\cocos\core\cocos2d.dir\debug\pageviewreader.obj
d:\vtc\dir\test\proj.win32\engine\cocos\core\cocos2d.dir\debug\ccbonenode.obj
d:\vtc\dir\test\proj.win32\engine\cocos\core\cocos2d.dir\debug\cccontrolstepper.obj
d:\vtc\dir\test\proj.win32\engine\cocos\core\cocos2d.dir\debug\ccparticlesystem3d.obj
d:\vtc\dir\test\proj.win32\engine\cocos\core\cocos2d.dir\debug\ccputranslatemanager.obj
d:\vtc\dir\test\proj.win32\engine\cocos\core\cocos2d.dir\debug\ccpugeometryrotatortranslator.obj
d:\vtc\dir\test\proj.win32\engine\cocos\core\cocos2d.dir\debug\ccpuscalevelocityaffectortranslator.obj
d:\vtc\dir\test\proj.win32\engine\cocos\core\cocos2d.dir\debug\ccpuemittertranslator.obj
d:\vtc\dir\test\proj.win32\engine\cocos\core\cocos2d.dir\debug\ccpudoplacementparticleeventhandlertranslator.obj
d:\vtc\dir\test\proj.win32\engine\cocos\core\cocos2d.dir\debug\ccpuonemissionobserver.obj
d:\vtc\dir\test\proj.win32\engine\cocos\core\cocos2d.dir\debug\ccpuslavebehaviour.obj
d:\vtc\dir\test\proj.win32\engine\cocos\core\cocos2d.dir\debug\ccactioninstant.obj
d:\vtc\dir\test\proj.win32\engine\cocos\core\cocos2d.dir\debug\ccfontatlascache.obj
d:\vtc\dir\test\proj.win32\engine\cocos\core\cocos2d.dir\debug\ccprotectednode.obj
d:\vtc\dir\test\proj.win32\engine\cocos\core\cocos2d.dir\debug\cctransitionpageturn.obj
d:\vtc\dir\test\proj.win32\engine\cocos\core\cocos2d.dir\debug\ccskeleton3d.obj
d:\vtc\dir\test\proj.win32\engine\cocos\core\cocos2d.dir\debug\ccfileutils-win32.obj
d:\vtc\dir\test\proj.win32\engine\cocos\core\cocos2d.dir\debug\commandbuffergl.obj
d:\vtc\dir\test\proj.win32\engine\cocos\core\cocos2d.dir\debug\cceventlistenercustom.obj
d:\vtc\dir\test\proj.win32\engine\cocos\core\cocos2d.dir\debug\ccvalue.obj
d:\vtc\dir\test\proj.win32\engine\cocos\core\cocos2d.dir\debug\uilayoutmanager.obj
d:\vtc\dir\test\proj.win32\engine\cocos\core\cocos2d.dir\debug\ccdownloader.obj
d:\vtc\dir\test\proj.win32\engine\cocos\core\cocos2d.dir\debug\ccbone.obj
d:\vtc\dir\test\proj.win32\engine\cocos\core\cocos2d.dir\debug\ccutilmath.obj
d:\vtc\dir\test\proj.win32\engine\cocos\core\cocos2d.dir\debug\dictionaryhelper.obj
d:\vtc\dir\test\proj.win32\engine\cocos\core\cocos2d.dir\debug\spritereader.obj
d:\vtc\dir\test\proj.win32\engine\cocos\core\cocos2d.dir\debug\sprite3dreader.obj
d:\vtc\dir\test\proj.win32\engine\cocos\core\cocos2d.dir\debug\ccskeletonnode.obj
d:\vtc\dir\test\proj.win32\engine\cocos\core\cocos2d.dir\debug\ccpurenderertranslator.obj
d:\vtc\dir\test\proj.win32\engine\cocos\core\cocos2d.dir\debug\ccpuforcefieldaffector.obj
d:\vtc\dir\test\proj.win32\engine\cocos\core\cocos2d.dir\debug\ccpuparticlefollower.obj
d:\vtc\dir\test\proj.win32\engine\cocos\core\cocos2d.dir\debug\ccpuspherecollider.obj
d:\vtc\dir\test\proj.win32\engine\cocos\core\cocos2d.dir\debug\ccpulineemitter.obj
d:\vtc\dir\test\proj.win32\engine\cocos\core\cocos2d.dir\debug\ccpudoaffectoreventhandlertranslator.obj
d:\vtc\dir\test\proj.win32\engine\cocos\core\cocos2d.dir\debug\ccpuoncountobservertranslator.obj
d:\vtc\dir\test\proj.win32\engine\cocos\core\cocos2d.dir\debug\ccaction.obj
d:\vtc\dir\test\proj.win32\engine\cocos\core\cocos2d.dir\debug\cccomponent.obj
d:\vtc\dir\test\proj.win32\engine\cocos\core\cocos2d.dir\debug\cclabel.obj
d:\vtc\dir\test\proj.win32\engine\cocos\core\cocos2d.dir\debug\ccfrustum.obj
d:\vtc\dir\test\proj.win32\engine\cocos\core\cocos2d.dir\debug\ccplane.obj
d:\vtc\dir\test\proj.win32\engine\cocos\core\cocos2d.dir\debug\ccsprite3dmaterial.obj
d:\vtc\dir\test\proj.win32\engine\cocos\core\cocos2d.dir\debug\ccphysicsworld.obj
d:\vtc\dir\test\proj.win32\engine\cocos\core\cocos2d.dir\debug\ccrendercommand.obj
d:\vtc\dir\test\proj.win32\engine\cocos\core\cocos2d.dir\debug\ccrenderer.obj
d:\vtc\dir\test\proj.win32\engine\cocos\core\cocos2d.dir\debug\ccdata.obj
d:\vtc\dir\test\proj.win32\engine\cocos\core\cocos2d.dir\debug\cceventlistenercontroller.obj
d:\vtc\dir\test\proj.win32\engine\cocos\core\cocos2d.dir\debug\cccontroller-linux-win32.obj
d:\vtc\dir\test\proj.win32\engine\cocos\core\cocos2d.dir\debug\cccomcontroller.obj
d:\vtc\dir\test\proj.win32\engine\cocos\core\cocos2d.dir\debug\ccdatas.obj
d:\vtc\dir\test\proj.win32\engine\cocos\core\cocos2d.dir\debug\cocostudio.obj
d:\vtc\dir\test\proj.win32\engine\cocos\core\cocos2d.dir\debug\ccframe.obj
d:\vtc\dir\test\proj.win32\engine\cocos\core\cocos2d.dir\debug\assetsmanager.obj
d:\vtc\dir\test\proj.win32\engine\cocos\core\cocos2d.dir\debug\ccinvocation.obj
d:\vtc\dir\test\proj.win32\engine\cocos\core\cocos2d.dir\debug\ccparticle3demitter.obj
d:\vtc\dir\test\proj.win32\engine\cocos\core\cocos2d.dir\debug\ccpumaterialmanager.obj
d:\vtc\dir\test\proj.win32\engine\cocos\core\cocos2d.dir\debug\ccpuboxcollidertranslator.obj
d:\vtc\dir\test\proj.win32\engine\cocos\core\cocos2d.dir\debug\ccpulineaffectortranslator.obj
d:\vtc\dir\test\proj.win32\engine\cocos\core\cocos2d.dir\debug\ccputextureanimatortranslator.obj
d:\vtc\dir\test\proj.win32\engine\cocos\core\cocos2d.dir\debug\ccpuspheresurfaceemittertranslator.obj
d:\vtc\dir\test\proj.win32\engine\cocos\core\cocos2d.dir\debug\ccpueventhandler.obj
d:\vtc\dir\test\proj.win32\engine\cocos\core\cocos2d.dir\debug\ccpuoneventflagobserver.obj
d:\vtc\dir\test\proj.win32\engine\cocos\core\cocos2d.dir\debug\ccpubehaviourtranslator.obj
d:\vtc\dir\test\proj.win32\engine\cocos\core\cocos2d.dir\debug\ccactiongrid3d.obj
d:\vtc\dir\test\proj.win32\engine\cocos\core\cocos2d.dir\debug\ccfasttmxlayer.obj
d:\vtc\dir\test\proj.win32\engine\cocos\core\cocos2d.dir\debug\cctilemapatlas.obj
d:\vtc\dir\test\proj.win32\engine\cocos\core\cocos2d.dir\debug\ccmotionstreak3d.obj
d:\vtc\dir\test\proj.win32\engine\cocos\core\cocos2d.dir\debug\cccommon-win32.obj
d:\vtc\dir\test\proj.win32\engine\cocos\core\cocos2d.dir\debug\ccglview.obj
d:\vtc\dir\test\proj.win32\engine\cocos\core\cocos2d.dir\debug\ccphysics3dworld.obj
d:\vtc\dir\test\proj.win32\engine\cocos\core\cocos2d.dir\debug\cceventdispatcher.obj
d:\vtc\dir\test\proj.win32\engine\cocos\core\cocos2d.dir\debug\ccdownloader-curl.obj
d:\vtc\dir\test\proj.win32\engine\cocos\core\cocos2d.dir\debug\triggerbase.obj
d:\vtc\dir\test\proj.win32\engine\cocos\core\cocos2d.dir\debug\bonenodereader.obj
d:\vtc\dir\test\proj.win32\engine\cocos\core\cocos2d.dir\debug\cctimeline.obj
d:\vtc\dir\test\proj.win32\engine\cocos\core\cocos2d.dir\debug\assetsmanagerex.obj
d:\vtc\dir\test\proj.win32\engine\cocos\core\cocos2d.dir\debug\ccpucoloraffector.obj
d:\vtc\dir\test\proj.win32\engine\cocos\core\cocos2d.dir\debug\ccpuplanecollidertranslator.obj
d:\vtc\dir\test\proj.win32\engine\cocos\core\cocos2d.dir\debug\ccpuboxemittertranslator.obj
d:\vtc\dir\test\proj.win32\engine\cocos\core\cocos2d.dir\debug\ccpubeamrender.obj
d:\vtc\dir\test\proj.win32\engine\cocos\core\cocos2d.dir\debug\ccpuobservermanager.obj
d:\vtc\dir\test\proj.win32\engine\cocos\core\cocos2d.dir\debug\ccpuslavebehaviourtranslator.obj
d:\vtc\dir\test\proj.win32\engine\cocos\core\cocos2d.dir\debug\ccatlasnode.obj
d:\vtc\dir\test\proj.win32\engine\cocos\core\cocos2d.dir\debug\ccfontfreetype.obj
d:\vtc\dir\test\proj.win32\engine\cocos\core\cocos2d.dir\debug\ccspriteframecache.obj
d:\vtc\dir\test\proj.win32\engine\cocos\core\cocos2d.dir\debug\ccstdc-win32.obj
d:\vtc\dir\test\proj.win32\engine\cocos\core\cocos2d.dir\debug\ccglviewimpl-desktop.obj
d:\vtc\dir\test\proj.win32\engine\cocos\core\cocos2d.dir\debug\ccvertex.obj
d:\vtc\dir\test\proj.win32\engine\cocos\core\cocos2d.dir\debug\vec3.obj
d:\vtc\dir\test\proj.win32\engine\cocos\core\cocos2d.dir\debug\cccustomcommand.obj
d:\vtc\dir\test\proj.win32\engine\cocos\core\cocos2d.dir\debug\ccmeshcommand.obj
d:\vtc\dir\test\proj.win32\engine\cocos\core\cocos2d.dir\debug\ccrenderstate.obj
d:\vtc\dir\test\proj.win32\engine\cocos\core\cocos2d.dir\debug\commandbuffer.obj
d:\vtc\dir\test\proj.win32\engine\cocos\core\cocos2d.dir\debug\vertexlayout.obj
d:\vtc\dir\test\proj.win32\engine\cocos\core\cocos2d.dir\debug\ccninepatchimageparser.obj
d:\vtc\dir\test\proj.win32\engine\cocos\core\cocos2d.dir\debug\cceventlistenerkeyboard.obj
d:\vtc\dir\test\proj.win32\engine\cocos\core\cocos2d.dir\debug\ccstencilstatemanager.obj
d:\vtc\dir\test\proj.win32\engine\cocos\core\cocos2d.dir\debug\cocosgui.obj
d:\vtc\dir\test\proj.win32\engine\cocos\core\cocos2d.dir\debug\uislider.obj
d:\vtc\dir\test\proj.win32\engine\cocos\core\cocos2d.dir\debug\socketio.obj
d:\vtc\dir\test\proj.win32\engine\cocos\core\cocos2d.dir\debug\localizationmanager.obj
d:\vtc\dir\test\proj.win32\engine\cocos\core\cocos2d.dir\debug\widgetreader.obj
d:\vtc\dir\test\proj.win32\engine\cocos\core\cocos2d.dir\debug\gamenode3dreader.obj
d:\vtc\dir\test\proj.win32\engine\cocos\core\cocos2d.dir\debug\cccontrolcolourpicker.obj
d:\vtc\dir\test\proj.win32\engine\cocos\core\cocos2d.dir\debug\cccontrolslider.obj
d:\vtc\dir\test\proj.win32\engine\cocos\core\cocos2d.dir\debug\ccparticle3daffector.obj
d:\vtc\dir\test\proj.win32\engine\cocos\core\cocos2d.dir\debug\ccpuscriptcompiler.obj
d:\vtc\dir\test\proj.win32\engine\cocos\core\cocos2d.dir\debug\ccpuinterparticlecollidertranslator.obj
d:\vtc\dir\test\proj.win32\engine\cocos\core\cocos2d.dir\debug\ccpusineforceaffectortranslator.obj
d:\vtc\dir\test\proj.win32\engine\cocos\core\cocos2d.dir\debug\ccpupointemittertranslator.obj
d:\vtc\dir\test\proj.win32\engine\cocos\core\cocos2d.dir\debug\ccpudoexpireeventhandlertranslator.obj
d:\vtc\dir\test\proj.win32\engine\cocos\core\cocos2d.dir\debug\ccpuonclearobservertranslator.obj
d:\vtc\dir\test\proj.win32\engine\cocos\core\cocos2d.dir\debug\ccpuonvelocityobservertranslator.obj
d:\vtc\dir\test\proj.win32\engine\cocos\core\cocos2d.dir\debug\cocos2d.obj
d:\vtc\dir\test\proj.win32\engine\cocos\core\cocos2d.dir\debug\ccclippingrectanglenode.obj
d:\vtc\dir\test\proj.win32\engine\cocos\core\cocos2d.dir\debug\cclabelatlas.obj
d:\vtc\dir\test\proj.win32\engine\cocos\core\cocos2d.dir\debug\ccparallaxnode.obj
d:\vtc\dir\test\proj.win32\engine\cocos\core\cocos2d.dir\debug\ccscene.obj
d:\vtc\dir\test\proj.win32\engine\cocos\core\cocos2d.dir\debug\ccobb.obj
d:\vtc\dir\test\proj.win32\engine\cocos\core\cocos2d.dir\debug\ccvertexattribbinding.obj
d:\vtc\dir\test\proj.win32\engine\cocos\core\cocos2d.dir\debug\ccphysics3d.obj
d:\vtc\dir\test\proj.win32\engine\cocos\core\cocos2d.dir\debug\cctextureatlas.obj
d:\vtc\dir\test\proj.win32\engine\cocos\core\cocos2d.dir\debug\ccshaders.obj
d:\vtc\dir\test\proj.win32\engine\cocos\core\cocos2d.dir\debug\program.obj
d:\vtc\dir\test\proj.win32\engine\cocos\core\cocos2d.dir\debug\texturegl.obj
d:\vtc\dir\test\proj.win32\engine\cocos\core\cocos2d.dir\debug\cceventacceleration.obj
d:\vtc\dir\test\proj.win32\engine\cocos\core\cocos2d.dir\debug\cceventlistener.obj
d:\vtc\dir\test\proj.win32\engine\cocos\core\cocos2d.dir\debug\ccprofiling.obj
d:\vtc\dir\test\proj.win32\engine\cocos\core\cocos2d.dir\debug\mciplayer.obj
d:\vtc\dir\test\proj.win32\engine\cocos\core\cocos2d.dir\debug\uibutton.obj
d:\vtc\dir\test\proj.win32\engine\cocos\core\cocos2d.dir\debug\uiscrollview.obj
d:\vtc\dir\test\proj.win32\engine\cocos\core\cocos2d.dir\debug\ccactionnode.obj
d:\vtc\dir\test\proj.win32\engine\cocos\core\cocos2d.dir\debug\ccsguireader.obj
d:\vtc\dir\test\proj.win32\engine\cocos\core\cocos2d.dir\debug\usercamerareader.obj
d:\vtc\dir\test\proj.win32\engine\cocos\core\cocos2d.dir\debug\ccactiontimelinenode.obj
d:\vtc\dir\test\proj.win32\engine\cocos\core\cocos2d.dir\debug\cccontrolbutton.obj
d:\vtc\dir\test\proj.win32\engine\cocos\core\cocos2d.dir\debug\ccpusimplespline.obj
d:\vtc\dir\test\proj.win32\engine\cocos\core\cocos2d.dir\debug\ccpuaffector.obj
d:\vtc\dir\test\proj.win32\engine\cocos\core\cocos2d.dir\debug\ccpugravityaffector.obj
d:\vtc\dir\test\proj.win32\engine\cocos\core\cocos2d.dir\debug\ccpuplanecollider.obj
d:\vtc\dir\test\proj.win32\engine\cocos\core\cocos2d.dir\debug\ccpuvelocitymatchingaffector.obj
d:\vtc\dir\test\proj.win32\engine\cocos\core\cocos2d.dir\debug\ccpupositionemitter.obj
d:\vtc\dir\test\proj.win32\engine\cocos\core\cocos2d.dir\debug\ccpudoscaleeventhandler.obj
d:\vtc\dir\test\proj.win32\engine\cocos\core\cocos2d.dir\debug\ccpuobservertranslator.obj
d:\vtc\dir\test\proj.win32\engine\cocos\core\cocos2d.dir\debug\ccpubehaviour.obj
d:\vtc\dir\test\proj.win32\engine\cocos\core\cocos2d.dir\debug\ccanimationcache.obj
d:\vtc\dir\test\proj.win32\engine\cocos\core\cocos2d.dir\debug\ccparticleexamples.obj
d:\vtc\dir\test\proj.win32\engine\cocos\core\cocos2d.dir\debug\cctextfieldttf.obj
d:\vtc\dir\test\proj.win32\engine\cocos\core\cocos2d.dir\debug\cctransition.obj
d:\vtc\dir\test\proj.win32\engine\cocos\core\cocos2d.dir\debug\transformutils.obj
d:\vtc\dir\test\proj.win32\engine\cocos\core\cocos2d.dir\debug\vec4.obj
d:\vtc\dir\test\proj.win32\engine\cocos\core\cocos2d.dir\debug\ccgroupcommand.obj
d:\vtc\dir\test\proj.win32\engine\cocos\core\cocos2d.dir\debug\cctextureutils.obj
d:\vtc\dir\test\proj.win32\engine\cocos\core\cocos2d.dir\debug\programstate.obj
d:\vtc\dir\test\proj.win32\engine\cocos\core\cocos2d.dir\debug\cccarray.obj
d:\vtc\dir\test\proj.win32\engine\cocos\core\cocos2d.dir\debug\s3tc.obj
d:\vtc\dir\test\proj.win32\engine\cocos\core\cocos2d.dir\debug\audioplayer.obj
d:\vtc\dir\test\proj.win32\engine\cocos\core\cocos2d.dir\debug\uilistview.obj
d:\vtc\dir\test\proj.win32\engine\cocos\core\cocos2d.dir\debug\ccactionframeeasing.obj
d:\vtc\dir\test\proj.win32\engine\cocos\core\cocos2d.dir\debug\cccolliderdetector.obj
d:\vtc\dir\test\proj.win32\engine\cocos\core\cocos2d.dir\debug\ccprocessbase.obj
d:\vtc\dir\test\proj.win32\engine\cocos\core\cocos2d.dir\debug\triggermng.obj
d:\vtc\dir\test\proj.win32\engine\cocos\core\cocos2d.dir\debug\light3dreader.obj
d:\vtc\dir\test\proj.win32\engine\cocos\core\cocos2d.dir\debug\cccontrolpotentiometer.obj
d:\vtc\dir\test\proj.win32\engine\cocos\core\cocos2d.dir\debug\cccontrolutils.obj
d:\vtc\dir\test\proj.win32\engine\cocos\core\cocos2d.dir\debug\cctableviewcell.obj
d:\vtc\dir\test\proj.win32\engine\cocos\core\cocos2d.dir\debug\ccparticle3drender.obj
d:\vtc\dir\test\proj.win32\engine\cocos\core\cocos2d.dir\debug\ccpualignaffector.obj
d:\vtc\dir\test\proj.win32\engine\cocos\core\cocos2d.dir\debug\ccpucollisionavoidanceaffectortranslator.obj
d:\vtc\dir\test\proj.win32\engine\cocos\core\cocos2d.dir\debug\ccpupathfollowertranslator.obj
d:\vtc\dir\test\proj.win32\engine\cocos\core\cocos2d.dir\debug\ccpucircleemitter.obj
d:\vtc\dir\test\proj.win32\engine\cocos\core\cocos2d.dir\debug\ccpuvertexemitter.obj
d:\vtc\dir\test\proj.win32\engine\cocos\core\cocos2d.dir\debug\ccpudoscaleeventhandlertranslator.obj
d:\vtc\dir\test\proj.win32\engine\cocos\core\cocos2d.dir\debug\ccpuonexpireobservertranslator.obj
d:\vtc\dir\test\proj.win32\engine\cocos\core\cocos2d.dir\debug\ccactiontween.obj
d:\vtc\dir\test\proj.win32\engine\cocos\core\cocos2d.dir\debug\ccfasttmxtiledmap.obj
d:\vtc\dir\test\proj.win32\engine\cocos\core\cocos2d.dir\debug\ccrendertexture.obj
d:\vtc\dir\test\proj.win32\engine\cocos\core\cocos2d.dir\debug\cc3dprograminfo.obj
d:\vtc\dir\test\proj.win32\engine\cocos\core\cocos2d.dir\debug\inet_pton_mingw.obj
d:\vtc\dir\test\proj.win32\engine\cocos\core\cocos2d.dir\debug\ccphysicsjoint.obj
d:\vtc\dir\test\proj.win32\engine\cocos\core\cocos2d.dir\debug\cccallbackcommand.obj
d:\vtc\dir\test\proj.win32\engine\cocos\core\cocos2d.dir\debug\ccquadcommand.obj
d:\vtc\dir\test\proj.win32\engine\cocos\core\cocos2d.dir\debug\cctexturecube.obj
d:\vtc\dir\test\proj.win32\engine\cocos\core\cocos2d.dir\debug\devicegl.obj
d:\vtc\dir\test\proj.win32\engine\cocos\core\cocos2d.dir\debug\ccevent.obj
d:\vtc\dir\test\proj.win32\engine\cocos\core\cocos2d.dir\debug\cceventlistenerfocus.obj
d:\vtc\dir\test\proj.win32\engine\cocos\core\cocos2d.dir\debug\tgalib.obj
d:\vtc\dir\test\proj.win32\engine\cocos\core\cocos2d.dir\debug\cctypes.obj
d:\vtc\dir\test\proj.win32\engine\cocos\core\cocos2d.dir\debug\audiodecoder.obj
d:\vtc\dir\test\proj.win32\engine\cocos\core\cocos2d.dir\debug\uiabstractcheckbutton.obj
d:\vtc\dir\test\proj.win32\engine\cocos\core\cocos2d.dir\debug\uirichtext.obj
d:\vtc\dir\test\proj.win32\engine\cocos\core\cocos2d.dir\debug\loadingbarreader.obj
d:\vtc\dir\test\proj.win32\engine\cocos\core\cocos2d.dir\debug\ccactiontimelinecache.obj
d:\vtc\dir\test\proj.win32\engine\cocos\core\cocos2d.dir\debug\ccpubaseforceaffector.obj
d:\vtc\dir\test\proj.win32\engine\cocos\core\cocos2d.dir\debug\ccpuforcefieldaffectortranslator.obj
d:\vtc\dir\test\proj.win32\engine\cocos\core\cocos2d.dir\debug\ccpuspherecollidertranslator.obj
d:\vtc\dir\test\proj.win32\engine\cocos\core\cocos2d.dir\debug\ccpumeshsurfaceemittertranslator.obj
d:\vtc\dir\test\proj.win32\engine\cocos\core\cocos2d.dir\debug\ccpudoplacementparticleeventhandler.obj
d:\vtc\dir\test\proj.win32\engine\cocos\core\cocos2d.dir\debug\ccpuoncollisionobservertranslator.obj
d:\vtc\dir\test\proj.win32\engine\cocos\core\cocos2d.dir\debug\ccpuontimeobservertranslator.obj
d:\vtc\dir\test\proj.win32\engine\cocos\core\cocos2d.dir\debug\ccactionmanager.obj
d:\vtc\dir\test\proj.win32\engine\cocos\core\cocos2d.dir\debug\cclabeltextformatter.obj
d:\vtc\dir\test\proj.win32\engine\cocos\core\cocos2d.dir\debug\ccbillboard.obj
d:\vtc\dir\test\proj.win32\engine\cocos\core\cocos2d.dir\debug\ccray.obj
d:\vtc\dir\test\proj.win32\engine\cocos\core\cocos2d.dir\debug\ccterrain.obj
d:\vtc\dir\test\proj.win32\engine\cocos\core\cocos2d.dir\debug\ccphysics3ddebugdrawer.obj
d:\vtc\dir\test\proj.win32\engine\cocos\core\cocos2d.dir\debug\cccontroller.obj
d:\vtc\dir\test\proj.win32\engine\cocos\core\cocos2d.dir\debug\ccproperties.obj
d:\vtc\dir\test\proj.win32\engine\cocos\core\cocos2d.dir\debug\audiodecodermanager.obj
d:\vtc\dir\test\proj.win32\engine\cocos\core\cocos2d.dir\debug\uiradiobutton.obj
d:\vtc\dir\test\proj.win32\engine\cocos\core\cocos2d.dir\debug\uitext.obj
d:\vtc\dir\test\proj.win32\engine\cocos\core\cocos2d.dir\debug\uieditboximpl-common.obj
d:\vtc\dir\test\proj.win32\engine\cocos\core\cocos2d.dir\debug\ccbatchnode.obj
d:\vtc\dir\test\proj.win32\engine\cocos\core\cocos2d.dir\debug\ccspriteframecachehelper.obj
d:\vtc\dir\test\proj.win32\engine\cocos\core\cocos2d.dir\debug\particlereader.obj
d:\vtc\dir\test\proj.win32\engine\cocos\core\cocos2d.dir\debug\textreader.obj
d:\vtc\dir\test\proj.win32\engine\cocos\core\cocos2d.dir\debug\ccactiontimeline.obj
d:\vtc\dir\test\proj.win32\engine\cocos\core\cocos2d.dir\debug\ccpumaterialtranslator.obj
d:\vtc\dir\test\proj.win32\engine\cocos\core\cocos2d.dir\debug\ccpulistener.obj
d:\vtc\dir\test\proj.win32\engine\cocos\core\cocos2d.dir\debug\ccpucoloraffectortranslator.obj
d:\vtc\dir\test\proj.win32\engine\cocos\core\cocos2d.dir\debug\ccpuparticlefollowertranslator.obj
d:\vtc\dir\test\proj.win32\engine\cocos\core\cocos2d.dir\debug\ccpuvortexaffectortranslator.obj
d:\vtc\dir\test\proj.win32\engine\cocos\core\cocos2d.dir\debug\ccpuribbontrail.obj
d:\vtc\dir\test\proj.win32\engine\cocos\core\cocos2d.dir\debug\ccpuonpositionobservertranslator.obj
d:\vtc\dir\test\proj.win32\engine\cocos\core\cocos2d.dir\debug\ccactioncatmullrom.obj
d:\vtc\dir\test\proj.win32\engine\cocos\core\cocos2d.dir\debug\ccfont.obj
d:\vtc\dir\test\proj.win32\engine\cocos\core\cocos2d.dir\debug\ccparticlebatchnode.obj
d:\vtc\dir\test\proj.win32\engine\cocos\core\cocos2d.dir\debug\cctmxtiledmap.obj
d:\vtc\dir\test\proj.win32\engine\cocos\core\cocos2d.dir\debug\ccobjloader.obj
d:\vtc\dir\test\proj.win32\engine\cocos\core\cocos2d.dir\debug\mat4.obj
d:\vtc\dir\test\proj.win32\engine\cocos\core\cocos2d.dir\debug\ccnavmeshdebugdraw.obj
d:\vtc\dir\test\proj.win32\engine\cocos\core\cocos2d.dir\debug\device.obj
d:\vtc\dir\test\proj.win32\engine\cocos\core\cocos2d.dir\debug\buffergl.obj
d:\vtc\dir\test\proj.win32\engine\cocos\core\cocos2d.dir\debug\ccasynctaskpool.obj
d:\vtc\dir\test\proj.win32\engine\cocos\core\cocos2d.dir\debug\cceventcustom.obj
d:\vtc\dir\test\proj.win32\engine\cocos\core\cocos2d.dir\debug\ccimedispatcher.obj
d:\vtc\dir\test\proj.win32\engine\cocos\core\cocos2d.dir\debug\ccutf8.obj
d:\vtc\dir\test\proj.win32\engine\cocos\core\cocos2d.dir\debug\uilayout.obj
d:\vtc\dir\test\proj.win32\engine\cocos\core\cocos2d.dir\debug\uri.obj
d:\vtc\dir\test\proj.win32\engine\cocos\core\cocos2d.dir\debug\triggerobj.obj
d:\vtc\dir\test\proj.win32\engine\cocos\core\cocos2d.dir\debug\buttonreader.obj
d:\vtc\dir\test\proj.win32\engine\cocos\core\cocos2d.dir\debug\cccontrolsaturationbrightnesspicker.obj
d:\vtc\dir\test\proj.win32\engine\cocos\core\cocos2d.dir\debug\cctableview.obj
d:\vtc\dir\test\proj.win32\engine\cocos\core\cocos2d.dir\debug\ccputechniquetranslator.obj
d:\vtc\dir\test\proj.win32\engine\cocos\core\cocos2d.dir\debug\ccpuboxcollider.obj
d:\vtc\dir\test\proj.win32\engine\cocos\core\cocos2d.dir\debug\ccpujetaffector.obj
d:\vtc\dir\test\proj.win32\engine\cocos\core\cocos2d.dir\debug\ccpurandomisertranslator.obj
d:\vtc\dir\test\proj.win32\engine\cocos\core\cocos2d.dir\debug\ccpulineemittertranslator.obj
d:\vtc\dir\test\proj.win32\engine\cocos\core\cocos2d.dir\debug\ccpudoenablecomponenteventhandler.obj
d:\vtc\dir\test\proj.win32\engine\cocos\core\cocos2d.dir\debug\ccpuobserver.obj
d:\vtc\dir\test\proj.win32\engine\cocos\core\cocos2d.dir\debug\ccactiongrid.obj
d:\vtc\dir\test\proj.win32\engine\cocos\core\cocos2d.dir\debug\ccfontatlas.obj
d:\vtc\dir\test\proj.win32\engine\cocos\core\cocos2d.dir\debug\cctmxxmlparser.obj
d:\vtc\dir\test\proj.win32\engine\cocos\core\cocos2d.dir\debug\ccutils-win32.obj
d:\vtc\dir\test\proj.win32\engine\cocos\core\cocos2d.dir\debug\ccfileutils.obj
d:\vtc\dir\test\proj.win32\engine\cocos\core\cocos2d.dir\debug\uipageviewindicator.obj
d:\vtc\dir\test\proj.win32\engine\cocos\core\cocos2d.dir\debug\httpclient.obj
d:\vtc\dir\test\proj.win32\engine\cocos\core\cocos2d.dir\debug\ccdatareaderhelper.obj
d:\vtc\dir\test\proj.win32\engine\cocos\core\cocos2d.dir\debug\checkboxreader.obj
d:\vtc\dir\test\proj.win32\engine\cocos\core\cocos2d.dir\debug\cceventassetsmanagerex.obj
d:\vtc\dir\test\proj.win32\engine\cocos\core\cocos2d.dir\debug\ccphysicssprite.obj
d:\vtc\dir\test\proj.win32\engine\cocos\core\cocos2d.dir\debug\ccpuutil.obj
d:\vtc\dir\test\proj.win32\engine\cocos\core\cocos2d.dir\debug\ccpuaffectormanager.obj
d:\vtc\dir\test\proj.win32\engine\cocos\core\cocos2d.dir\debug\ccpuinterparticlecollider.obj
d:\vtc\dir\test\proj.win32\engine\cocos\core\cocos2d.dir\debug\ccpurandomiser.obj
d:\vtc\dir\test\proj.win32\engine\cocos\core\cocos2d.dir\debug\ccpuvortexaffector.obj
d:\vtc\dir\test\proj.win32\engine\cocos\core\cocos2d.dir\debug\ccpuspheresurfaceemitter.obj
d:\vtc\dir\test\proj.win32\engine\cocos\core\cocos2d.dir\debug\ccpudofreezeeventhandler.obj
d:\vtc\dir\test\proj.win32\engine\cocos\core\cocos2d.dir\debug\ccpuoncountobserver.obj
d:\vtc\dir\test\proj.win32\engine\cocos\core\cocos2d.dir\debug\ccpuonquotaobservertranslator.obj
d:\vtc\dir\test\proj.win32\engine\cocos\core\cocos2d.dir\debug\ccactiontiledgrid.obj
d:\vtc\dir\test\proj.win32\engine\cocos\core\cocos2d.dir\debug\ccgrid.obj
d:\vtc\dir\test\proj.win32\engine\cocos\core\cocos2d.dir\debug\ccparticlesystemquad.obj
d:\vtc\dir\test\proj.win32\engine\cocos\core\cocos2d.dir\debug\cctmxobjectgroup.obj
d:\vtc\dir\test\proj.win32\engine\cocos\core\cocos2d.dir\debug\ccmeshskin.obj
d:\vtc\dir\test\proj.win32\engine\cocos\core\cocos2d.dir\debug\ccapplication-win32.obj
d:\vtc\dir\test\proj.win32\engine\cocos\core\cocos2d.dir\debug\ccphysics3dconstraint.obj
d:\vtc\dir\test\proj.win32\engine\cocos\core\cocos2d.dir\debug\cctrianglescommand.obj
d:\vtc\dir\test\proj.win32\engine\cocos\core\cocos2d.dir\debug\types.obj
d:\vtc\dir\test\proj.win32\engine\cocos\core\cocos2d.dir\debug\programgl.obj
d:\vtc\dir\test\proj.win32\engine\cocos\core\cocos2d.dir\debug\ccuserdefault.obj
d:\vtc\dir\test\proj.win32\engine\cocos\core\cocos2d.dir\debug\audiocache.obj
d:\vtc\dir\test\proj.win32\engine\cocos\core\cocos2d.dir\debug\uiscale9sprite.obj
d:\vtc\dir\test\proj.win32\engine\cocos\core\cocos2d.dir\debug\uitextatlas.obj
d:\vtc\dir\test\proj.win32\engine\cocos\core\cocos2d.dir\debug\ccactionframe.obj
d:\vtc\dir\test\proj.win32\engine\cocos\core\cocos2d.dir\debug\ccarmaturedefine.obj
d:\vtc\dir\test\proj.win32\engine\cocos\core\cocos2d.dir\debug\cccomaudio.obj
d:\vtc\dir\test\proj.win32\engine\cocos\core\cocos2d.dir\debug\ccdecorativedisplay.obj
d:\vtc\dir\test\proj.win32\engine\cocos\core\cocos2d.dir\debug\cctween.obj
d:\vtc\dir\test\proj.win32\engine\cocos\core\cocos2d.dir\debug\comaudioreader.obj
d:\vtc\dir\test\proj.win32\engine\cocos\core\cocos2d.dir\debug\textatlasreader.obj
d:\vtc\dir\test\proj.win32\engine\cocos\core\cocos2d.dir\debug\cceventlistenerassetsmanagerex.obj
d:\vtc\dir\test\proj.win32\engine\cocos\core\cocos2d.dir\debug\ccpudynamicattributetranslator.obj
d:\vtc\dir\test\proj.win32\engine\cocos\core\cocos2d.dir\debug\ccpubasecollider.obj
d:\vtc\dir\test\proj.win32\engine\cocos\core\cocos2d.dir\debug\ccpucollisionavoidanceaffector.obj
d:\vtc\dir\test\proj.win32\engine\cocos\core\cocos2d.dir\debug\ccpulineaffector.obj
d:\vtc\dir\test\proj.win32\engine\cocos\core\cocos2d.dir\debug\ccpuscalevelocityaffector.obj
d:\vtc\dir\test\proj.win32\engine\cocos\core\cocos2d.dir\debug\ccpuemitter.obj
d:\vtc\dir\test\proj.win32\engine\cocos\core\cocos2d.dir\debug\ccpudoaffectoreventhandler.obj
d:\vtc\dir\test\proj.win32\engine\cocos\core\cocos2d.dir\debug\ccpueventhandlermanager.obj
d:\vtc\dir\test\proj.win32\engine\cocos\core\cocos2d.dir\debug\ccpuonvelocityobserver.obj
d:\vtc\dir\test\proj.win32\engine\cocos\core\cocos2d.dir\debug\ccactioncamera.obj
d:\vtc\dir\test\proj.win32\engine\cocos\core\cocos2d.dir\debug\cccomponentcontainer.obj
d:\vtc\dir\test\proj.win32\engine\cocos\core\cocos2d.dir\debug\cclayer.obj
d:\vtc\dir\test\proj.win32\engine\cocos\core\cocos2d.dir\debug\ccspriteframe.obj
d:\vtc\dir\test\proj.win32\engine\cocos\core\cocos2d.dir\debug\cctmxlayer.obj
d:\vtc\dir\test\proj.win32\engine\cocos\core\cocos2d.dir\debug\ccmesh.obj
d:\vtc\dir\test\proj.win32\engine\cocos\core\cocos2d.dir\debug\ccphysicsshape.obj
d:\vtc\dir\test\proj.win32\engine\cocos\core\cocos2d.dir\debug\ccgeometry.obj
d:\vtc\dir\test\proj.win32\engine\cocos\core\cocos2d.dir\debug\vec2.obj
d:\vtc\dir\test\proj.win32\engine\cocos\core\cocos2d.dir\debug\ccnavmeshutils.obj
d:\vtc\dir\test\proj.win32\engine\cocos\core\cocos2d.dir\debug\ccpass.obj
d:\vtc\dir\test\proj.win32\engine\cocos\core\cocos2d.dir\debug\texture.obj
d:\vtc\dir\test\proj.win32\engine\cocos\core\cocos2d.dir\debug\depthstencilstategl.obj
d:\vtc\dir\test\proj.win32\engine\cocos\core\cocos2d.dir\debug\deviceinfogl.obj
d:\vtc\dir\test\proj.win32\engine\cocos\core\cocos2d.dir\debug\ccdirector.obj
d:\vtc\dir\test\proj.win32\engine\cocos\core\cocos2d.dir\debug\ccutils.obj
d:\vtc\dir\test\proj.win32\engine\cocos\core\cocos2d.dir\debug\uivbox.obj
d:\vtc\dir\test\proj.win32\engine\cocos\core\cocos2d.dir\debug\ccactionmanagerex.obj
d:\vtc\dir\test\proj.win32\engine\cocos\core\cocos2d.dir\debug\ccdisplayfactory.obj
d:\vtc\dir\test\proj.win32\engine\cocos\core\cocos2d.dir\debug\widgetcallbackhandlerprotocol.obj
d:\vtc\dir\test\proj.win32\engine\cocos\core\cocos2d.dir\debug\projectnodereader.obj
d:\vtc\dir\test\proj.win32\engine\cocos\core\cocos2d.dir\debug\particle3dreader.obj
d:\vtc\dir\test\proj.win32\engine\cocos\core\cocos2d.dir\debug\armaturenodereader.obj
d:\vtc\dir\test\proj.win32\engine\cocos\core\cocos2d.dir\debug\ccpuscriptlexer.obj
d:\vtc\dir\test\proj.win32\engine\cocos\core\cocos2d.dir\debug\ccpuaffectortranslator.obj
d:\vtc\dir\test\proj.win32\engine\cocos\core\cocos2d.dir\debug\ccpugravityaffectortranslator.obj
d:\vtc\dir\test\proj.win32\engine\cocos\core\cocos2d.dir\debug\ccpuscaleaffectortranslator.obj
d:\vtc\dir\test\proj.win32\engine\cocos\core\cocos2d.dir\debug\ccpuemittermanager.obj
d:\vtc\dir\test\proj.win32\engine\cocos\core\cocos2d.dir\debug\ccpuribbontrailrender.obj
d:\vtc\dir\test\proj.win32\engine\cocos\core\cocos2d.dir\debug\ccpuoneventflagobservertranslator.obj
d:\vtc\dir\test\proj.win32\engine\cocos\core\cmakefiles\generate.stamp
d:\vtc\dir\test\proj.win32\lib\debug\cocos2d.lib
d:\vtc\dir\test\proj.win32\engine\cocos\core\cocos2d.dir\debug\cocos2d.tlog\cl.command.1.tlog
d:\vtc\dir\test\proj.win32\engine\cocos\core\cocos2d.dir\debug\cocos2d.tlog\cl.items.tlog
d:\vtc\dir\test\proj.win32\engine\cocos\core\cocos2d.dir\debug\cocos2d.tlog\cl.read.1.tlog
d:\vtc\dir\test\proj.win32\engine\cocos\core\cocos2d.dir\debug\cocos2d.tlog\cl.write.1.tlog
d:\vtc\dir\test\proj.win32\engine\cocos\core\cocos2d.dir\debug\cocos2d.tlog\custombuild.command.1.tlog
d:\vtc\dir\test\proj.win32\engine\cocos\core\cocos2d.dir\debug\cocos2d.tlog\custombuild.read.1.tlog
d:\vtc\dir\test\proj.win32\engine\cocos\core\cocos2d.dir\debug\cocos2d.tlog\custombuild.write.1.tlog
d:\vtc\dir\test\proj.win32\engine\cocos\core\cocos2d.dir\debug\cocos2d.tlog\lib-link.read.1.tlog
d:\vtc\dir\test\proj.win32\engine\cocos\core\cocos2d.dir\debug\cocos2d.tlog\lib-link.write.1.tlog
d:\vtc\dir\test\proj.win32\engine\cocos\core\cocos2d.dir\debug\cocos2d.tlog\lib.command.1.tlog
